<?xml version="1.0" encoding="UTF-8"?>
<testsuite xmlns:xsi="http://www.w3.org/2001/XMLSchema-instance" xsi:noNamespaceSchemaLocation="https://maven.apache.org/surefire/maven-surefire-plugin/xsd/surefire-test-report.xsd" name="Test.TestJukebox" time="0.072" tests="6" errors="0" skipped="0" failures="0">
  <properties>
[...]
</properties>
  <testcase name="testPlaySong" classname="Test.TestJukebox" time="0.04"/>
  <testcase name="testAddSong" classname="Test.TestJukebox" time="0.001"/>
  <testcase name="testQuantity" classname="Test.TestJukebox" time="0.001"/>
  <testcase name="testGetSong" classname="Test.TestJukebox" time="0.001"/>
  <testcase name="testDeleteSong" classname="Test.TestJukebox" time="0.002"/>
  <testcase name="testPauseSong" classname="Test.TestJukebox" time="0.001"/>
</testsuite>