-------------------------------------------------------------------------------
Test set: Test.SpringbootApplicationTests
-------------------------------------------------------------------------------
Tests run: 1, Failures: 0, Errors: 1, Skipped: 0, Time elapsed: 0.455 s <<< FAILURE! - in Test.SpringbootApplicationTests
Test.SpringbootApplicationTests  Time elapsed: 0.454 s  <<< ERROR!
java.lang.IllegalStateException: Unable to find a @SpringBootConfiguration, you need to use @ContextConfiguration or @SpringBootTest(classes=...) with your test

