-------------------------------------------------------------------------------
Test set: Test.TestJukebox
-------------------------------------------------------------------------------
Tests run: 5, Failures: 2, Errors: 1, Skipped: 0, Time elapsed: 0.031 s <<< FAILURE! - in Test.TestJukebox
testPlaySong  Time elapsed: 0.024 s  <<< FAILURE!
org.opentest4j.AssertionFailedError: the song did not play ==> expected: <Playing Bohemian Rhapsody> but was: <Song not Found>
	at Test.TestJukebox.testPlaySong(TestJukebox.java:33)

testGetSong  Time elapsed: 0.001 s  <<< FAILURE!
org.opentest4j.AssertionFailedError: The song was not present in Jukebox ==> expected: <yes> but was: <Song Found>
	at Test.TestJukebox.testGetSong(TestJukebox.java:28)

testPauseSong  Time elapsed: 0.001 s  <<< ERROR!
java.lang.NullPointerException: Cannot invoke "com.softwareinstitute.HomeEntSystem.Jukebox.playSong(com.softwareinstitute.HomeEntSystem.Song)" because "this.jukebox" is null
	at Test.TestJukebox.testPauseSong(TestJukebox.java:37)

